<?xml version="1.0" encoding="UTF-8"?>
<testng-results ignored="0" total="1" passed="1" failed="0" skipped="0">
  <reporter-output>
  </reporter-output>
  <suite started-at="2024-07-07T11:53:52 IST" name="Default suite" finished-at="2024-07-07T11:53:56 IST" duration-ms="4182">
    <groups>
    </groups>
    <test started-at="2024-07-07T11:53:52 IST" name="Default test" finished-at="2024-07-07T11:53:56 IST" duration-ms="4182">
      <class name="ShivangiSaini.ExtentReports.ExtentReportDemo">
        <test-method is-config="true" signature="config()[pri:0, instance:ShivangiSaini.ExtentReports.ExtentReportDemo@2e8c1c9b]" started-at="2024-07-07T11:53:52 IST" name="config" finished-at="2024-07-07T11:53:52 IST" duration-ms="283" status="PASS">
          <reporter-output>
          </reporter-output>
        </test-method> <!-- config -->
        <test-method signature="initialDemo()[pri:0, instance:ShivangiSaini.ExtentReports.ExtentReportDemo@2e8c1c9b]" started-at="2024-07-07T11:53:52 IST" name="initialDemo" finished-at="2024-07-07T11:53:56 IST" duration-ms="3862" status="PASS">
          <reporter-output>
          </reporter-output>
        </test-method> <!-- initialDemo -->
      </class> <!-- ShivangiSaini.ExtentReports.ExtentReportDemo -->
    </test> <!-- Default test -->
  </suite> <!-- Default suite -->
</testng-results>
